"C:/Users/liike/Documents/Unreal Projects/4.21.2/GitHub/FortniteGame/Content/Characters/Player/Male/Male_Avg_Base/Fortnite_M_Avg_Player_Skeleton.uasset" 0
"C:/Users/liike/Documents/Unreal Projects/4.21.2/GitHub/FortniteGame/Content/Abilities/Player/Pawns/MenuScreen_Athena.uasset" 1
"C:/Users/liike/Documents/Unreal Projects/4.21.2/GitHub/FortniteGame/Content/Animation/Game/MainPlayer/Menu/MontageLookUpTables/LargeFemale.uasset" 2
"C:/Users/liike/Documents/Unreal Projects/4.21.2/GitHub/FortniteGame/Content/Animation/Game/MainPlayer/Menu/MontageLookUpTables/LargeMale.uasset" 3
"C:/Users/liike/Documents/Unreal Projects/4.21.2/GitHub/FortniteGame/Content/Animation/Game/MainPlayer/Menu/MontageLookUpTables/LargeMale_Robot.uasset" 4
"C:/Users/liike/Documents/Unreal Projects/4.21.2/GitHub/FortniteGame/Content/Animation/Game/MainPlayer/Menu/MontageLookUpTables/MediumFemale.uasset" 5
"C:/Users/liike/Documents/Unreal Projects/4.21.2/GitHub/FortniteGame/Content/Animation/Game/MainPlayer/Menu/MontageLookUpTables/MediumMale.uasset" 6
"C:/Users/liike/Documents/Unreal Projects/4.21.2/GitHub/FortniteGame/Content/Animation/Game/MainPlayer/Menu/MontageLookUpTables/SmallFemale.uasset" 7
"C:/Users/liike/Documents/Unreal Projects/4.21.2/GitHub/FortniteGame/Content/Animation/Game/MainPlayer/Menu/MontageLookUpTables/SmallMale.uasset" 8
"C:/Users/liike/Documents/Unreal Projects/4.21.2/GitHub/FortniteGame/Content/Athena/AthenaGameMode.uasset" 9
"C:/Users/liike/Documents/Unreal Projects/4.21.2/GitHub/FortniteGame/Content/Athena/PlayerPawn_Athena.uasset" 10
"C:/Users/liike/Documents/Unreal Projects/4.21.2/GitHub/FortniteGame/Content/Athena/Heroes/Meshes/Bodies/CP_001_Athena_Body.uasset" 11
"C:/Users/liike/Documents/Unreal Projects/4.21.2/GitHub/FortniteGame/Content/Athena/Heroes/Meshes/Heads/F_Med_Head1_ATH.uasset" 12
"C:/Users/liike/Documents/Unreal Projects/4.21.2/GitHub/FortniteGame/Content/Athena/Heroes/Specializations/HS_001_Athena_Commando_Athena_F.uasset" 13
"C:/Users/liike/Documents/Unreal Projects/4.21.2/GitHub/FortniteGame/Content/Balance/DataTables/XPAccountItemLevels.uasset" 14
"C:/Users/liike/Documents/Unreal Projects/4.21.2/GitHub/FortniteGame/Content/Balance/DataTables/XPAccountItemRewards.uasset" 15
"C:/Users/liike/Documents/Unreal Projects/4.21.2/GitHub/FortniteGame/Content/Items/Datatables/BaseItemRating.uasset" 16
"C:/Users/liike/Documents/Unreal Projects/4.21.2/GitHub/FortniteGame/Content/Characters/Player/DataTables/CharacterAttributesPlayer.uasset" 17
"C:/Users/liike/Documents/Unreal Projects/4.21.2/GitHub/FortniteGame/Content/Items/Datatables/TransmogSacrificeData.uasset" 18
"C:/Users/liike/Documents/Unreal Projects/4.21.2/GitHub/FortniteGame/Content/Athena/Heroes/HID_001_Athena_Commando_F.uasset" 19
"C:/Users/liike/Documents/Unreal Projects/4.21.2/GitHub/FortniteGame/Content/Athena/Items/Cosmetics/Characters/CID_001_Athena_Commando_F_Default.uasset" 20
"../../../Engine/Content/EngineMaterials/DefaultNormal.uasset" 21
"../../../Engine/Content/MaterialTemplates/LayerBlends/T_DefaultMaskTexture.uasset" 22
"C:/Users/liike/Documents/Unreal Projects/4.21.2/GitHub/FortniteGame/Content/Packages/Fortress_SharedMaterials/Base_Material/M_FN_Character_MASTER.uasset" 23
"C:/Users/liike/Documents/Unreal Projects/4.21.2/GitHub/FortniteGame/Content/Characters/Player/Female/Medium/Bodies/F_MED_Commando_01/Textures/F_MED_Commando_01_D.uasset" 24
"C:/Users/liike/Documents/Unreal Projects/4.21.2/GitHub/FortniteGame/Content/Characters/Player/Female/Medium/Bodies/F_MED_Commando_01/Textures/F_MED_Commando_01_E.uasset" 25
"C:/Users/liike/Documents/Unreal Projects/4.21.2/GitHub/FortniteGame/Content/Characters/Player/Female/Medium/Bodies/F_MED_Commando_01/Textures/F_MED_Commando_01_M.uasset" 26
"C:/Users/liike/Documents/Unreal Projects/4.21.2/GitHub/FortniteGame/Content/Characters/Player/Female/Medium/Bodies/F_MED_Commando_01/Textures/F_MED_Commando_01_N.uasset" 27
"C:/Users/liike/Documents/Unreal Projects/4.21.2/GitHub/FortniteGame/Content/Characters/Player/Female/Medium/Bodies/F_MED_Commando_01/Textures/F_MED_Commando_01_S.uasset" 28
"C:/Users/liike/Documents/Unreal Projects/4.21.2/GitHub/FortniteGame/Content/Characters/Player/Female/Medium/Bodies/F_MED_Commando_01/Materials/F_MED_Commando_01.uasset" 29
"C:/Users/liike/Documents/Unreal Projects/4.21.2/GitHub/FortniteGame/Content/Characters/Player/Female/Medium/Bodies/F_Med_Soldier_01/Meshes/F_MED_Soldier_01_CapeColliders.uasset" 30
"C:/Users/liike/Documents/Unreal Projects/4.21.2/GitHub/FortniteGame/Content/Characters/Player/Female/Medium/Bodies/F_Med_Soldier_01/Meshes/F_Med_Soldier_01_Skeleton.uasset" 31
"C:/Users/liike/Documents/Unreal Projects/4.21.2/GitHub/FortniteGame/Content/Characters/Player/Female/Medium/Bodies/F_Med_Soldier_01/Meshes/F_Med_Soldier_01.uasset" 32
"C:/Users/liike/Documents/Unreal Projects/4.21.2/GitHub/FortniteGame/Content/Characters/Player/Female/Medium/Bodies/F_Med_Soldier_01/Meshes/F_Med_Soldier_01_Skeleton_AnimBP.uasset" 33
"C:/Users/liike/Documents/Unreal Projects/4.21.2/GitHub/FortniteGame/Content/Characters/Player/Male/Male_Avg_Base/Fortnite_M_Avg_Player.uasset" 34
"C:/Users/liike/Documents/Unreal Projects/4.21.2/GitHub/FortniteGame/Content/Characters/Player/Male/Male_Avg_Base/Fortnite_M_Avg_Player_AnimBlueprint.uasset" 35
"C:/Users/liike/Documents/Unreal Projects/4.21.2/GitHub/FortniteGame/Content/UI/Foundation/Textures/Icons/Heroes/Athena/Soldier/T-Soldier-HID-001-Athena-Commando-F-L.uasset" 36
"C:/Users/liike/Documents/Unreal Projects/4.21.2/GitHub/FortniteGame/Content/UI/Foundation/Textures/Icons/Heroes/Athena/Soldier/T-Soldier-HID-001-Athena-Commando-F.uasset" 37
"../../../Engine/Content/Functions/Engine_MaterialFunctions01/Opacity/CameraDepthFade.uasset" 38
"../../../Engine/Content/EngineMaterials/T_Default_Material_Grid_M.uasset" 39
"../../../Engine/Content/EngineMaterials/T_Default_Material_Grid_N.uasset" 40
"../../../Engine/Content/EngineMaterials/WorldGridMaterial.uasset" 41
"../../../Engine/Content/ArtTools/RenderToTexture/Meshes/S_1_Unit_Plane.uasset" 42
"../../../Engine/Content/EngineMaterials/DefaultMaterial.uasset" 43
"../../../Engine/Content/BasicShapes/Cone.uasset" 44
"../../../Engine/Content/BasicShapes/Cube.uasset" 45
"../../../Engine/Content/BasicShapes/Cylinder.uasset" 46
"../../../Engine/Content/BasicShapes/Plane.uasset" 47
"../../../Engine/Content/BasicShapes/Sphere.uasset" 48
"../../../Engine/Content/EditorLandscapeResources/DataLayer.uasset" 49
"../../../Engine/Content/EditorMaterials/GizmoMaterial.uasset" 50
"../../../Engine/Content/EditorMaterials/MAT_Groups_Toggle.uasset" 51
"../../../Engine/Content/EditorMaterials/MAT_Groups_Visibility.uasset" 52
"../../../Engine/Content/EditorMaterials/PreviewShadowIndicator.uasset" 53
"../../../Engine/Content/EditorMaterials/PreviewShadowIndicatorMaterial.uasset" 54
"../../../Engine/Content/EditorMaterials/MatineeGroups/MAT_ColorTrack.uasset" 55
"../../../Engine/Content/EditorMaterials/MatineeGroups/MAT_Groups_Anim.uasset" 56
"../../../Engine/Content/EditorMaterials/MatineeGroups/MAT_Groups_AudioMaster.uasset" 57
"../../../Engine/Content/EditorMaterials/MatineeGroups/MAT_Groups_Director.uasset" 58
"../../../Engine/Content/EditorMaterials/MatineeGroups/MAT_Groups_Event.uasset" 59
"../../../Engine/Content/EditorMaterials/MatineeGroups/MAT_Groups_Fade.uasset" 60
"../../../Engine/Content/EditorMaterials/MatineeGroups/MAT_Groups_Float.uasset" 61
"../../../Engine/Content/EditorMaterials/MatineeGroups/MAT_Groups_Move.uasset" 62
"../../../Engine/Content/EditorMaterials/MatineeGroups/MAT_Groups_Slomo.uasset" 63
"../../../Engine/Content/EditorMaterials/MatineeGroups/MAT_Groups_Sound.uasset" 64
"../../../Engine/Content/EditorMaterials/MatineeGroups/MAT_Groups_Vector.uasset" 65
"../../../Engine/Content/EditorMaterials/ParticleSystems/PSysThumbnail_NoImage.uasset" 66
"../../../Engine/Content/EditorMaterials/ParticleSystems/PSysThumbnail_OOD.uasset" 67
"../../../Engine/Content/EditorMaterials/Camera/CineMat.uasset" 68
"../../../Engine/Content/EditorMaterials/Camera/MI_CineMat_Rig.uasset" 69
"../../../Engine/Content/EditorMeshes/Camera/SM_CraneRig_Arm.uasset" 70
"../../../Engine/Content/EditorMeshes/Camera/SM_CraneRig_Base.uasset" 71
"../../../Engine/Content/EditorMeshes/Camera/SM_CraneRig_Body.uasset" 72
"../../../Engine/Content/EditorMeshes/Camera/SM_CraneRig_Mount.uasset" 73
"../../../Engine/Content/EditorMeshes/Camera/SM_RailRig_Mount.uasset" 74
"../../../Engine/Content/EditorMeshes/Camera/SM_RailRig_Track.uasset" 75
"../../../Engine/Content/EditorResources/BSPVertex.uasset" 76
"../../../Engine/Content/EditorResources/EmptyActor.uasset" 77
"../../../Engine/Content/EditorResources/S_Actor.uasset" 78
"../../../Engine/Content/EditorResources/S_Trigger.uasset" 79
"../../../Engine/Content/EditorResources/LightIcons/S_LightError.uasset" 80
"../../../Engine/Content/EditorResources/SequenceRecorder/Countdown.uasset" 81
"../../../Engine/Content/EditorResources/SequenceRecorder/RecordingIndicator.uasset" 82
"../../../Engine/Content/EditorSounds/Notifications/CompileFailed.uasset" 83
"../../../Engine/Content/EditorSounds/Notifications/CompileFailed_Cue.uasset" 84
"../../../Engine/Content/EditorSounds/Notifications/CompileSuccess.uasset" 85
"../../../Engine/Content/EditorSounds/Notifications/CompileStart_Cue.uasset" 86
"../../../Engine/Content/EditorSounds/Notifications/CompileSuccess_Cue.uasset" 87
"../../../Engine/Content/EngineDamageTypes/DmgTypeBP_Environmental.uasset" 88
"../../../Engine/Content/EngineDebugMaterials/HeatmapGradient.uasset" 89
"../../../Engine/Content/EngineDebugMaterials/BoneWeightMaterial.uasset" 90
"../../../Engine/Content/EngineDebugMaterials/ClothMaterial.uasset" 91
"../../../Engine/Content/EngineDebugMaterials/ClothMaterial_WF.uasset" 92
"../../../Engine/Content/EngineDebugMaterials/DebugEditorMaterial.uasset" 93
"../../../Engine/Content/EngineDebugMaterials/DebugMeshMaterial.uasset" 94
"../../../Engine/Content/EngineDebugMaterials/GeomMaterial.uasset" 95
"../../../Engine/Content/EngineDebugMaterials/M_SimpleTranslucent.uasset" 96
"../../../Engine/Content/EngineFonts/Faces/RobotoBold.uasset" 97
"../../../Engine/Content/EngineFonts/Faces/RobotoBoldItalic.uasset" 98
"../../../Engine/Content/EngineFonts/Faces/RobotoItalic.uasset" 99
"../../../Engine/Content/EngineFonts/Faces/RobotoLight.uasset" 100
"../../../Engine/Content/EngineFonts/Faces/RobotoRegular.uasset" 101
"../../../Engine/Content/EngineFonts/Roboto.uasset" 102
"../../../Engine/Content/EngineFonts/Faces/RobotoTiny.uasset" 103
"../../../Engine/Content/EngineFonts/RobotoTiny.uasset" 104
"../../../Engine/Content/EngineMaterials/BaseFlattenDiffuseMap.uasset" 105
"../../../Engine/Content/EngineMaterials/BaseFlattenEmissiveMap.uasset" 106
"../../../Engine/Content/EngineMaterials/BaseFlattenGrayscaleMap.uasset" 107
"../../../Engine/Content/EngineMaterials/BaseFlattenNormalMap.uasset" 108
"../../../Engine/Content/EngineMaterials/BaseFlattenMaterial.uasset" 109
"../../../Engine/Content/EngineMaterials/DefaultBloomKernel.uasset" 110
"../../../Engine/Content/EngineMaterials/DefaultBokeh.uasset" 111
"../../../Engine/Content/EngineMaterials/DefaultDiffuse.uasset" 112
"../../../Engine/Content/EngineMaterials/DefaultDeferredDecalMaterial.uasset" 113
"../../../Engine/Content/EngineMaterials/DefaultLightFunctionMaterial.uasset" 114
"../../../Engine/Content/EngineMaterials/DefaultPhysicalMaterial.uasset" 115
"../../../Engine/Content/Functions/Engine_MaterialFunctions02/Utility/BreakOutFloat2Components.uasset" 116
"../../../Engine/Content/EngineMaterials/DefaultPostProcessMaterial.uasset" 117
"../../../Engine/Content/EngineFonts/RobotoDistanceField.uasset" 118
"../../../Engine/Content/EngineMaterials/DefaultTextMaterialOpaque.uasset" 119
"../../../Engine/Content/EngineMaterials/DefaultWhiteGrid.uasset" 120
"../../../Engine/Content/EngineMaterials/EditorBrushMaterial.uasset" 121
"../../../Engine/Content/EngineMaterials/Good64x64TilingNoiseHighFreq.uasset" 122
"../../../Engine/Content/EngineMaterials/MiniFont.uasset" 123
"../../../Engine/Content/EngineMaterials/InvalidLightmapSettings.uasset" 124
"../../../Engine/Content/EngineMaterials/M_InvalidLightmapSettings.uasset" 125
"../../../Engine/Content/Functions/Engine_MaterialFunctions02/WorldPositionOffset/CameraOffset.uasset" 126
"../../../Engine/Content/EngineMaterials/PhAT_JointLimitMaterial.uasset" 127
"../../../Engine/Content/EngineMaterials/PreintegratedSkinBRDF.uasset" 128
"../../../Engine/Content/EngineMaterials/RemoveSurfaceMaterial.uasset" 129
"../../../Engine/Content/EngineMaterials/WeightMapPlaceholderTexture.uasset" 130
"../../../Engine/Content/EngineResources/WhiteSquareTexture.uasset" 131
"../../../Engine/Content/EngineMaterials/Widget3DPassThrough.uasset" 132
"../../../Engine/Content/EngineMaterials/Widget3DPassThrough_Masked.uasset" 133
"../../../Engine/Content/EngineMaterials/Widget3DPassThrough_Opaque.uasset" 134
"../../../Engine/Content/EngineMaterials/Widget3DPassThrough_Masked_OneSided.uasset" 135
"../../../Engine/Content/EngineMaterials/Widget3DPassThrough_Opaque_OneSided.uasset" 136
"../../../Engine/Content/EngineMaterials/Widget3DPassThrough_Translucent.uasset" 137
"../../../Engine/Content/EngineMaterials/Widget3DPassThrough_Translucent_OneSided.uasset" 138
"../../../Engine/Content/EngineMeshes/Cylinder.uasset" 139
"../../../Engine/Content/EngineMeshes/Sphere.uasset" 140
"../../../Engine/Content/EngineResources/Black.uasset" 141
"../../../Engine/Content/EngineResources/DefaultTexture.uasset" 142
"../../../Engine/Content/EngineResources/DefaultTextureCube.uasset" 143
"../../../Engine/Content/EngineResources/DefaultVolumeTexture2D.uasset" 144
"../../../Engine/Content/EngineResources/DefaultVolumeTexture.uasset" 145
"../../../Engine/Content/EngineResources/GradientTexture0.uasset" 146
"../../../Engine/Content/EngineSounds/Master.uasset" 147
"../../../Engine/Content/Functions/Engine_MaterialFunctions01/Shading/ConvertFromDiffSpec.uasset" 148
"../../../Engine/Content/Functions/Engine_MaterialFunctions01/Shading/PowerToRoughness.uasset" 149
"../../../Engine/Content/Maps/Templates/Thumbnails/Default.uasset" 150
"../../../Engine/Content/Maps/Templates/Thumbnails/VR-Basic.uasset" 151
"../../../Engine/Content/MobileResources/T_MobileControls_texture.uasset" 152
"../../../Engine/Content/MobileResources/T_MobileMenu2.uasset" 153
"../../../Engine/Content/MobileResources/HUD/AnalogHat.uasset" 154
"../../../Engine/Content/MobileResources/HUD/VirtualJoystick_Background.uasset" 155
"../../../Engine/Content/MobileResources/HUD/VirtualJoystick_Thumb.uasset" 156
"../../../Engine/Content/MobileResources/HUD/DefaultVirtualJoysticks.uasset" 157
"../../../Engine/Content/MobileResources/HUD/LeftVirtualJoystickOnly.uasset" 158
"../../../Engine/Content/MobileResources/HUD/MobileHUDButton1_off.uasset" 159
"../../../Engine/Content/MobileResources/HUD/MobileHUDButton1_on.uasset" 160
"../../../Engine/Content/MobileResources/HUD/MobileHUDButton2_off.uasset" 161
"../../../Engine/Content/MobileResources/HUD/MobileHUDButton2_on.uasset" 162
"../../../Engine/Content/MobileResources/HUD/MobileHUDButton3.uasset" 163
"../../../Engine/Content/MobileResources/HUD/MobileHUDButtonFire.uasset" 164
"../../../Engine/Content/MobileResources/HUD/MobileHUDDirectionPad.uasset" 165
"../../../Engine/Content/MobileResources/HUD/MobileHUDDirectionPad2.uasset" 166
"../../../Engine/Content/MobileResources/HUD/MobileHUDDirectionPad3.uasset" 167
"../../../Engine/Content/MobileResources/HUD/MobileHUDDirectionStick.uasset" 168
"../../../Engine/Content/MobileResources/HUD/T_Castle_ThumbstickInner.uasset" 169
"../../../Engine/Content/MobileResources/HUD/T_Castle_ThumbstickOutter.uasset" 170
"../../../Engine/Content/Tutorial/ContentIntroCurve.uasset" 171
"../../../Engine/Content/Tutorial/Basics/TutorialAssets/icon_tab_Levels_40x.uasset" 172
"../../../Engine/Content/Tutorial/SubEditors/TutorialAssets/TutorialMaterial.uasset" 173
"../../../Engine/Content/VREditor/LaserPointer/VR_LaserPower_01.uasset" 174
"../../../Engine/Content/VREditor/TransformGizmo/TransformGizmoMaterial.uasset" 175
"../../../Engine/Content/VREditor/TransformGizmo/TranslucentTransformGizmoMaterial.uasset" 176
"../../../Engine/Content/VREditor/TransformGizmo/BoundingBoxCorner.uasset" 177
"../../../Engine/Content/VREditor/TransformGizmo/BoundingBoxEdge.uasset" 178
"../../../Engine/Content/VREditor/TransformGizmo/PlaneTranslationHandle.uasset" 179
"../../../Engine/Content/VREditor/TransformGizmo/Main.uasset" 180
"../../../Engine/Content/VREditor/TransformGizmo/Xray.uasset" 181
"../../../Engine/Content/VREditor/TransformGizmo/SM_Sequencer_Key.uasset" 182
"../../../Engine/Content/VREditor/TransformGizmo/SM_Sequencer_Node.uasset" 183
"../../Plugins/2D/Paper2D/Content/PlaceholderTextures/DummySpriteTexture.uasset" 184
"../../Plugins/2D/Paper2D/Content/DummySprite.uasset" 185
"../../Plugins/2D/Paper2D/Content/DefaultPaperTerrainMaterial.uasset" 186
"../../Plugins/2D/Paper2D/Content/DefaultSpriteMaterial.uasset" 187
"../../Plugins/2D/Paper2D/Content/MaskedUnlitSpriteMaterial.uasset" 188
"../../Plugins/2D/Paper2D/Content/OpaqueUnlitSpriteMaterial.uasset" 189
"../../Plugins/Runtime/Oculus/OculusVR/Content/Materials/PokeAHoleMaterial.uasset" 190
"../../Plugins/Runtime/Oculus/OculusVR/Content/Textures/GearVRController_AO.uasset" 191
"../../Plugins/Runtime/Oculus/OculusVR/Content/Textures/GearVRController_Color.uasset" 192
"../../Plugins/Runtime/Oculus/OculusVR/Content/Textures/GearVRController_Normal.uasset" 193
"../../Plugins/Runtime/Oculus/OculusVR/Content/Materials/GearVRControllerMaterial.uasset" 194
"../../Plugins/Runtime/Oculus/OculusVR/Content/Meshes/GearVrController.uasset" 195
"../../Plugins/Runtime/Oculus/OculusVR/Content/Textures/touchController_albedo.uasset" 196
"../../Plugins/Runtime/Oculus/OculusVR/Content/Textures/touchController_controlmap.uasset" 197
"../../Plugins/Runtime/Oculus/OculusVR/Content/Materials/touchController_mat.uasset" 198
"../../Plugins/Runtime/Oculus/OculusVR/Content/Meshes/LeftTouchController.uasset" 199
"../../Plugins/Runtime/Oculus/OculusVR/Content/Meshes/RiftHMD.uasset" 200
"../../Plugins/Runtime/Oculus/OculusVR/Content/Meshes/RightTouchController.uasset" 201
"../../../Engine/Content/EditorBlueprintResources/StandardMacros.uasset" 202
"../../../Engine/Content/EngineSky/C_Sky_Cloud_Color.uasset" 203
"../../../Engine/Content/EngineSky/C_Sky_Horizon_Color.uasset" 204
"../../../Engine/Content/EngineSky/C_Sky_Zenith_Color.uasset" 205
"../../../Engine/Content/EngineSky/T_Sky_Blue.uasset" 206
"../../../Engine/Content/EngineSky/T_Sky_Clouds_M.uasset" 207
"../../../Engine/Content/EngineSky/T_Sky_Stars.uasset" 208
"../../../Engine/Content/EngineSky/M_Sky_Panning_Clouds2.uasset" 209
"../../../Engine/Content/EngineSky/SM_SkySphere.uasset" 210
"../../../Engine/Content/EngineSky/BP_Sky_Sphere.uasset" 211
"C:/Users/liike/Documents/Unreal Projects/4.21.2/GitHub/FortniteGame/Content/Athena/Maps/TestMap_BuiltData.uasset" 212
"../../../Engine/Content/MapTemplates/SM_Template_Map_Floor.uasset" 213
"C:/Users/liike/Documents/Unreal Projects/4.21.2/GitHub/FortniteGame/Content/Athena/Maps/TestMap.umap" 214
"../../../Engine/Content/Maps/Entry_BuiltData.uasset" 215
"../../../Engine/Content/Maps/Entry.umap" 216
"../../../Engine/Content/Maps/Templates/Template_Default_BuiltData.uasset" 217
"../../../Engine/Content/Maps/Templates/Template_Default.umap" 218
